
2022/10/02 (12:06:28) | ===> btop++ v.1.2.9
2022/10/02 (12:06:28) | ERROR: No UTF-8 locale detected!
Use --utf-force argument to force start if you're sure your terminal can handle it.

2022/10/02 (12:08:20) | ===> btop++ v.1.2.9
2022/10/02 (12:08:20) | ERROR: No UTF-8 locale detected!
Use --utf-force argument to force start if you're sure your terminal can handle it.

2022/10/02 (12:09:59) | ===> btop++ v.1.2.9
2022/10/02 (12:09:59) | WARNING: No UTF-8 locale detected! Forcing start with --utf-force argument.
2022/10/02 (12:11:13) | ERROR: Invalid RGB decimal value: "ba1a84"

2022/10/02 (12:11:45) | ===> btop++ v.1.2.9
2022/10/02 (12:11:45) | WARNING: No UTF-8 locale detected! Forcing start with --utf-force argument.
2022/10/02 (12:11:53) | ERROR: Invalid RGB decimal value: "ba1a84"

2022/10/02 (12:35:20) | ===> btop++ v.1.2.9
2022/10/02 (12:35:20) | WARNING: No UTF-8 locale detected! Forcing start with --utf-force argument.

2022/10/02 (12:39:32) | ===> btop++ v.1.2.9
2022/10/02 (12:39:32) | WARNING: No UTF-8 locale detected! Forcing start with --utf-force argument.

2022/10/02 (12:41:13) | ===> btop++ v.1.2.9
2022/10/02 (12:41:13) | WARNING: No UTF-8 locale detected! Forcing start with --utf-force argument.

2022/10/02 (23:56:06) | ===> btop++ v.1.2.9
2022/10/02 (23:56:06) | WARNING: No UTF-8 locale detected! Forcing start with --utf-force argument.

2022/10/03 (17:51:12) | ===> btop++ v.1.2.9
2022/10/03 (17:51:12) | WARNING: No UTF-8 locale detected! Forcing start with --utf-force argument.

2022/10/04 (00:53:44) | ===> btop++ v.1.2.9
2022/10/04 (00:53:44) | WARNING: No UTF-8 locale detected! Forcing start with --utf-force argument.

2022/10/04 (01:02:29) | ===> btop++ v.1.2.9
2022/10/04 (01:02:29) | WARNING: No UTF-8 locale detected! Forcing start with --utf-force argument.

2022/10/04 (01:02:39) | ===> btop++ v.1.2.9
2022/10/04 (01:02:39) | WARNING: No UTF-8 locale detected! Forcing start with --utf-force argument.
2022/10/04 (01:03:28) | ERROR: Invalid RGB decimal value: "ba1a84"

2022/10/04 (01:15:54) | ===> btop++ v.1.2.9
2022/10/04 (01:15:54) | WARNING: No UTF-8 locale detected! Forcing start with --utf-force argument.

2022/10/04 (10:41:50) | ===> btop++ v.1.2.9
2022/10/04 (10:41:50) | WARNING: No UTF-8 locale detected! Forcing start with --utf-force argument.

2022/10/04 (10:49:03) | ===> btop++ v.1.2.9
2022/10/04 (10:49:03) | WARNING: No UTF-8 locale detected! Forcing start with --utf-force argument.

2022/10/05 (15:43:40) | ===> btop++ v.1.2.9
2022/10/05 (15:43:40) | ERROR: No UTF-8 locale detected!
Use --utf-force argument to force start if you're sure your terminal can handle it.

2022/10/05 (15:43:48) | ===> btop++ v.1.2.9
2022/10/05 (15:43:48) | WARNING: No UTF-8 locale detected! Forcing start with --utf-force argument.

2022/10/08 (20:01:42) | ===> btop++ v.1.2.9
2022/10/08 (20:01:42) | WARNING: No UTF-8 locale detected! Forcing start with --utf-force argument.

2022/10/08 (20:39:21) | ===> btop++ v.1.2.9
2022/10/08 (20:39:21) | WARNING: No UTF-8 locale detected! Forcing start with --utf-force argument.

2022/10/08 (21:49:24) | ===> btop++ v.1.2.9
2022/10/08 (21:49:24) | WARNING: No UTF-8 locale detected! Forcing start with --utf-force argument.

2022/10/08 (22:55:08) | ===> btop++ v.1.2.9
2022/10/08 (22:55:08) | WARNING: No UTF-8 locale detected! Forcing start with --utf-force argument.

2022/10/10 (08:04:08) | ===> btop++ v.1.2.12
2022/10/10 (08:04:08) | WARNING: No UTF-8 locale detected! Forcing start with --utf-force argument.

2022/10/10 (21:34:30) | ===> btop++ v.1.2.12
2022/10/10 (21:34:30) | WARNING: No UTF-8 locale detected! Forcing start with --utf-force argument.

2022/10/11 (08:31:58) | ===> btop++ v.1.2.12
2022/10/11 (08:31:58) | WARNING: No UTF-8 locale detected! Forcing start with --utf-force argument.

2022/10/11 (09:21:52) | ===> btop++ v.1.2.12
2022/10/11 (09:21:52) | WARNING: No UTF-8 locale detected! Forcing start with --utf-force argument.

2022/10/11 (22:47:47) | ===> btop++ v.1.2.12
2022/10/11 (22:47:47) | WARNING: No UTF-8 locale detected! Forcing start with --utf-force argument.

2022/10/13 (19:32:23) | ===> btop++ v.1.2.12
2022/10/13 (19:32:23) | WARNING: No UTF-8 locale detected! Forcing start with --utf-force argument.

2022/10/13 (20:35:47) | ===> btop++ v.1.2.12
2022/10/13 (20:35:47) | WARNING: No UTF-8 locale detected! Forcing start with --utf-force argument.

2022/10/14 (10:28:33) | ===> btop++ v.1.2.12
2022/10/14 (10:28:33) | WARNING: No UTF-8 locale detected! Forcing start with --utf-force argument.

2022/10/14 (20:40:17) | ===> btop++ v.1.2.12
2022/10/14 (20:40:17) | WARNING: No UTF-8 locale detected! Forcing start with --utf-force argument.

2022/10/15 (17:47:57) | ===> btop++ v.1.2.12
2022/10/15 (17:47:57) | WARNING: No UTF-8 locale detected! Forcing start with --utf-force argument.

2022/10/16 (08:26:46) | ===> btop++ v.1.2.12
2022/10/16 (08:26:46) | WARNING: No UTF-8 locale detected! Forcing start with --utf-force argument.

2022/10/16 (17:15:33) | ===> btop++ v.1.2.12
2022/10/16 (17:15:33) | WARNING: No UTF-8 locale detected! Forcing start with --utf-force argument.

2022/10/16 (23:15:54) | ===> btop++ v.1.2.12
2022/10/16 (23:15:54) | WARNING: No UTF-8 locale detected! Forcing start with --utf-force argument.

2022/10/16 (23:47:33) | ===> btop++ v.1.2.12
2022/10/16 (23:47:33) | WARNING: No UTF-8 locale detected! Forcing start with --utf-force argument.

2022/10/17 (00:55:07) | ===> btop++ v.1.2.12
2022/10/17 (00:55:07) | WARNING: No UTF-8 locale detected! Forcing start with --utf-force argument.

2022/10/17 (21:18:45) | ===> btop++ v.1.2.12
2022/10/17 (21:18:45) | WARNING: No UTF-8 locale detected! Forcing start with --utf-force argument.

2022/10/17 (21:50:14) | ===> btop++ v.1.2.12
2022/10/17 (21:50:14) | WARNING: No UTF-8 locale detected! Forcing start with --utf-force argument.

2022/10/17 (21:54:22) | ===> btop++ v.1.2.12
2022/10/17 (21:54:22) | WARNING: No UTF-8 locale detected! Forcing start with --utf-force argument.

2022/10/17 (23:41:46) | ===> btop++ v.1.2.12
2022/10/17 (23:41:46) | WARNING: No UTF-8 locale detected! Forcing start with --utf-force argument.

2022/10/18 (18:36:24) | ===> btop++ v.1.2.12
2022/10/18 (18:36:24) | WARNING: No UTF-8 locale detected! Forcing start with --utf-force argument.

2022/10/20 (23:32:47) | ===> btop++ v.1.2.12
2022/10/20 (23:32:47) | WARNING: No UTF-8 locale detected! Forcing start with --utf-force argument.

2022/10/21 (20:31:38) | ===> btop++ v.1.2.12
2022/10/21 (20:31:38) | WARNING: No UTF-8 locale detected! Forcing start with --utf-force argument.

2022/10/21 (23:46:44) | ===> btop++ v.1.2.12
2022/10/21 (23:46:44) | WARNING: No UTF-8 locale detected! Forcing start with --utf-force argument.

2022/10/21 (23:52:46) | ===> btop++ v.1.2.12
2022/10/21 (23:52:46) | WARNING: No UTF-8 locale detected! Forcing start with --utf-force argument.

2022/10/22 (08:58:18) | ===> btop++ v.1.2.12
2022/10/22 (08:58:18) | WARNING: No UTF-8 locale detected! Forcing start with --utf-force argument.

2022/10/22 (09:00:54) | ===> btop++ v.1.2.12
2022/10/22 (09:00:54) | WARNING: No UTF-8 locale detected! Forcing start with --utf-force argument.

2022/10/22 (20:41:45) | ===> btop++ v.1.2.12
2022/10/22 (20:41:45) | WARNING: No UTF-8 locale detected! Forcing start with --utf-force argument.

2022/10/23 (10:13:48) | ===> btop++ v.1.2.12
2022/10/23 (10:13:48) | WARNING: No UTF-8 locale detected! Forcing start with --utf-force argument.

2022/10/23 (10:15:18) | ===> btop++ v.1.2.12
2022/10/23 (10:15:18) | WARNING: No UTF-8 locale detected! Forcing start with --utf-force argument.

2022/10/23 (10:16:38) | ===> btop++ v.1.2.12
2022/10/23 (10:16:38) | WARNING: No UTF-8 locale detected! Forcing start with --utf-force argument.

2022/10/23 (10:16:47) | ===> btop++ v.1.2.12
2022/10/23 (10:16:47) | WARNING: No UTF-8 locale detected! Forcing start with --utf-force argument.

2022/10/23 (11:32:09) | ===> btop++ v.1.2.12
2022/10/23 (11:32:09) | WARNING: No UTF-8 locale detected! Forcing start with --utf-force argument.

2022/10/23 (11:32:27) | ===> btop++ v.1.2.12
2022/10/23 (11:32:27) | WARNING: No UTF-8 locale detected! Forcing start with --utf-force argument.

2022/10/24 (11:02:46) | ===> btop++ v.1.2.12
2022/10/24 (11:02:46) | WARNING: No UTF-8 locale detected! Forcing start with --utf-force argument.

2022/10/24 (17:32:35) | ===> btop++ v.1.2.12
2022/10/24 (17:32:35) | WARNING: No UTF-8 locale detected! Forcing start with --utf-force argument.

2022/10/26 (14:44:16) | ===> btop++ v.1.2.12
2022/10/26 (14:44:16) | WARNING: No UTF-8 locale detected! Forcing start with --utf-force argument.

2022/10/26 (15:00:59) | ===> btop++ v.1.2.12
2022/10/26 (15:00:59) | WARNING: No UTF-8 locale detected! Forcing start with --utf-force argument.

2022/10/26 (17:44:42) | ===> btop++ v.1.2.12
2022/10/26 (17:44:42) | WARNING: No UTF-8 locale detected! Forcing start with --utf-force argument.

2022/10/27 (08:49:32) | ===> btop++ v.1.2.12
2022/10/27 (08:49:32) | WARNING: No UTF-8 locale detected! Forcing start with --utf-force argument.

2022/10/27 (11:10:15) | ===> btop++ v.1.2.12
2022/10/27 (11:10:15) | WARNING: No UTF-8 locale detected! Forcing start with --utf-force argument.

2022/10/27 (11:15:41) | ===> btop++ v.1.2.12
2022/10/27 (11:15:41) | WARNING: No UTF-8 locale detected! Forcing start with --utf-force argument.

2022/10/27 (11:25:25) | ===> btop++ v.1.2.12
2022/10/27 (11:25:25) | WARNING: No UTF-8 locale detected! Forcing start with --utf-force argument.

2022/10/27 (19:43:34) | ===> btop++ v.1.2.12
2022/10/27 (19:43:34) | WARNING: No UTF-8 locale detected! Forcing start with --utf-force argument.
